<?xml version="1.0" encoding="UTF-8"?>
<!-- Generated by org.testng.reporters.JUnitReportReporter -->
<testsuite hostname="Dell-Home-laptop" failures="0" tests="1" name="tests.LoginSucess" time="3.776" errors="0" timestamp="2025-01-17T15:12:05 AEST" skipped="0">
  <testcase classname="tests.LoginSucess" name="loginUser_Passed" time="3.776"/>
</testsuite> <!-- tests.LoginSucess -->
