<?xml version="1.0" encoding="UTF-8"?>
<!-- Generated by org.testng.reporters.JUnitReportReporter -->
<testsuite hostname="Dell-Home-laptop" failures="0" tests="1" name="tests.LoginSucess" time="1.974" errors="0" timestamp="2025-01-19T10:38:18 AEST" skipped="0">
  <testcase classname="tests.LoginSucess" name="loginUser_Passed" time="1.974"/>
</testsuite> <!-- tests.LoginSucess -->
